[INFO  - 2017-12-29T03:51:04.476Z] GhostDriver - Main - running on port 30524
[INFO  - 2017-12-29T03:51:04.707Z] Session [7e7ec8f0-ec4b-11e7-b44f-e5ed666e9620] - page.settings - {"XSSAuditingEnabled":false,"javascriptCanCloseWindows":true,"javascriptCanOpenWindows":true,"javascriptEnabled":true,"loadImages":true,"localToRemoteUrlAccessEnabled":false,"userAgent":"Mozilla/5.0 (Windows NT 6.1; WOW64) AppleWebKit/538.1 (KHTML, like Gecko) PhantomJS/2.1.1 Safari/538.1","webSecurityEnabled":true}
[INFO  - 2017-12-29T03:51:04.708Z] Session [7e7ec8f0-ec4b-11e7-b44f-e5ed666e9620] - page.customHeaders:  - {}
[INFO  - 2017-12-29T03:51:04.708Z] Session [7e7ec8f0-ec4b-11e7-b44f-e5ed666e9620] - Session.negotiatedCapabilities - {"browserName":"phantomjs","version":"2.1.1","driverName":"ghostdriver","driverVersion":"1.2.0","platform":"windows-7-32bit","javascriptEnabled":true,"takesScreenshot":true,"handlesAlerts":false,"databaseEnabled":false,"locationContextEnabled":false,"applicationCacheEnabled":false,"browserConnectionEnabled":false,"cssSelectorsEnabled":true,"webStorageEnabled":false,"rotatable":false,"acceptSslCerts":false,"nativeEvents":true,"proxy":{"proxyType":"direct"}}
[INFO  - 2017-12-29T03:51:04.708Z] SessionManagerReqHand - _postNewSessionCommand - New Session Created: 7e7ec8f0-ec4b-11e7-b44f-e5ed666e9620
[INFO  - 2017-12-29T03:56:04.641Z] SessionManagerReqHand - _cleanupWindowlessSessions - Asynchronous Sessions clean-up phase starting NOW
[INFO  - 2017-12-29T04:01:04.984Z] SessionManagerReqHand - _cleanupWindowlessSessions - Asynchronous Sessions clean-up phase starting NOW
[INFO  - 2017-12-29T04:06:05.151Z] SessionManagerReqHand - _cleanupWindowlessSessions - Asynchronous Sessions clean-up phase starting NOW
[INFO  - 2017-12-29T04:11:05.185Z] SessionManagerReqHand - _cleanupWindowlessSessions - Asynchronous Sessions clean-up phase starting NOW
[INFO  - 2017-12-29T04:16:05.219Z] SessionManagerReqHand - _cleanupWindowlessSessions - Asynchronous Sessions clean-up phase starting NOW
[INFO  - 2017-12-29T04:21:05.219Z] SessionManagerReqHand - _cleanupWindowlessSessions - Asynchronous Sessions clean-up phase starting NOW
[INFO  - 2017-12-29T04:26:05.251Z] SessionManagerReqHand - _cleanupWindowlessSessions - Asynchronous Sessions clean-up phase starting NOW
[INFO  - 2017-12-29T04:31:05.282Z] SessionManagerReqHand - _cleanupWindowlessSessions - Asynchronous Sessions clean-up phase starting NOW
[INFO  - 2017-12-29T04:36:05.284Z] SessionManagerReqHand - _cleanupWindowlessSessions - Asynchronous Sessions clean-up phase starting NOW
[INFO  - 2017-12-29T04:41:05.315Z] SessionManagerReqHand - _cleanupWindowlessSessions - Asynchronous Sessions clean-up phase starting NOW
[INFO  - 2017-12-29T04:46:05.315Z] SessionManagerReqHand - _cleanupWindowlessSessions - Asynchronous Sessions clean-up phase starting NOW
[INFO  - 2017-12-29T04:51:05.346Z] SessionManagerReqHand - _cleanupWindowlessSessions - Asynchronous Sessions clean-up phase starting NOW
[INFO  - 2017-12-29T04:56:05.675Z] SessionManagerReqHand - _cleanupWindowlessSessions - Asynchronous Sessions clean-up phase starting NOW
[INFO  - 2017-12-29T05:01:05.720Z] SessionManagerReqHand - _cleanupWindowlessSessions - Asynchronous Sessions clean-up phase starting NOW
[INFO  - 2017-12-29T05:06:05.721Z] SessionManagerReqHand - _cleanupWindowlessSessions - Asynchronous Sessions clean-up phase starting NOW
[INFO  - 2017-12-29T05:11:05.758Z] SessionManagerReqHand - _cleanupWindowlessSessions - Asynchronous Sessions clean-up phase starting NOW
nd - _cleanupWindowlessSessions - Asynchronous Sessions clean-up phase starting NOW
[INFO  - 2017-12-29T04:35:08.020Z] SessionManagerReqHand - _cleanupWindowlessSessions - Asynchronous Sessions clean-up phase starting NOW
[INFO  - 2017-12-29T04:40:08.051Z] SessionManagerReqHand - _cleanupWindowlessSessions - Asynchronous Sessions clean-up phase starting NOW
[INFO  - 2017-12-29T04:45:08.053Z] SessionManagerReqHand - _cleanupWindowlessSessions - Asynchronous Sessions clean-up phase starting NOW
[INFO  - 2017-12-29T04:50:08.085Z] SessionManagerReqHand - _cleanupWindowlessSessions - Asynchronous Sessions clean-up phase starting NOW
[INFO  - 2017-12-29T04:55:08.117Z] SessionManagerReqHand - _cleanupWindowlessSessions - Asynchronous Sessions clean-up phase starting NOW
[INFO  - 2017-12-29T05:00:08.118Z] SessionManagerReqHand - _cleanupWindowlessSessions - Asynchronous Sessions clean-up phase starting NOW
[INFO  - 2017-12-29T05:05:08.150Z] SessionManagerReqHand - _cleanupWindowlessSessions - Asynchronous Sessions clean-up phase starting NOW
[INFO  - 2017-12-29T05:10:08.150Z] SessionManagerReqHand - _cleanupWindowlessSessions - Asynchronous Sessions clean-up phase starting NOW
d - _cleanupWindowlessSessions - Asynchronous Sessions clean-up phase starting NOW
[INFO  - 2017-12-29T04:30:35.901Z] SessionManagerReqHand - _cleanupWindowlessSessions - Asynchronous Sessions clean-up phase starting NOW
[INFO  - 2017-12-29T04:35:35.934Z] SessionManagerReqHand - _cleanupWindowlessSessions - Asynchronous Sessions clean-up phase starting NOW
[INFO  - 2017-12-29T04:40:35.938Z] SessionManagerReqHand - _cleanupWindowlessSessions - Asynchronous Sessions clean-up phase starting NOW
[INFO  - 2017-12-29T04:45:35.968Z] SessionManagerReqHand - _cleanupWindowlessSessions - Asynchronous Sessions clean-up phase starting NOW
[INFO  - 2017-12-29T04:50:35.981Z] SessionManagerReqHand - _cleanupWindowlessSessions - Asynchronous Sessions clean-up phase starting NOW
[INFO  - 2017-12-29T04:55:36.018Z] SessionManagerReqHand - _cleanupWindowlessSessions - Asynchronous Sessions clean-up phase starting NOW
[INFO  - 2017-12-29T05:00:36.062Z] SessionManagerReqHand - _cleanupWindowlessSessions - Asynchronous Sessions clean-up phase starting NOW
[INFO  - 2017-12-29T05:05:36.065Z] SessionManagerReqHand - _cleanupWindowlessSessions - Asynchronous Sessions clean-up phase starting NOW
[INFO  - 2017-12-29T05:10:36.095Z] SessionManagerReqHand - _cleanupWindowlessSessions - Asynchronous Sessions clean-up phase starting NOW
home_vne_new.products')
[ERROR - 2017-12-29T04:20:32.220Z] Session [9b144d60-ec4f-11e7-9c74-918ad161a0f4] - page.onError - stack:
  (anonymous function) (https://s.vnecdn.net/vnexpress/restruct/j/v111/v2/helper/thirdparty/thirdparty.js:1)
  each (https://s.vnecdn.net/vnexpress/restruct/j/v111/v2/helper/jquery.min.js:3)
  loadFromCached (https://s.vnecdn.net/vnexpress/restruct/j/v111/v2/helper/thirdparty/thirdparty.js:1)
  (anonymous function) (https://s.vnecdn.net/vnexpress/restruct/j/v111/v2/helper/thirdparty/thirdparty.js:2)
  l (https://s.vnecdn.net/vnexpress/restruct/j/v111/v2/helper/jquery.min.js:4)
  fireWith (https://s.vnecdn.net/vnexpress/restruct/j/v111/v2/helper/jquery.min.js:4)
  r (https://s.vnecdn.net/vnexpress/restruct/j/v111/v2/helper/jquery.min.js:5)
  n (https://s.vnecdn.net/vnexpress/restruct/j/v111/v2/helper/jquery.min.js:5)
[INFO  - 2017-12-29T04:25:30.306Z] SessionManagerReqHand - _cleanupWindowlessSessions - Asynchronous Sessions clean-up phase starting NOW
[INFO  - 2017-12-29T04:30:30.337Z] SessionManagerReqHand - _cleanupWindowlessSessions - Asynchronous Sessions clean-up phase starting NOW
[INFO  - 2017-12-29T04:35:30.337Z] SessionManagerReqHand - _cleanupWindowlessSessions - Asynchronous Sessions clean-up phase starting NOW
[INFO  - 2017-12-29T04:40:30.369Z] SessionManagerReqHand - _cleanupWindowlessSessions - Asynchronous Sessions clean-up phase starting NOW
[INFO  - 2017-12-29T04:45:30.369Z] SessionManagerReqHand - _cleanupWindowlessSessions - Asynchronous Sessions clean-up phase starting NOW
[INFO  - 2017-12-29T04:50:30.400Z] SessionManagerReqHand - _cleanupWindowlessSessions - Asynchronous Sessions clean-up phase starting NOW
[ERROR - 2017-12-29T04:50:36.596Z] Session [9b144d60-ec4f-11e7-9c74-918ad161a0f4] - page.onError - msg: TypeError: undefined is not an object (evaluating 't.ecommerce_product_v2.widget_mobile_home_vne_new.products')
[ERROR - 2017-12-29T04:50:36.597Z] Session [9b144d60-ec4f-11e7-9c74-918ad161a0f4] - page.onError - stack:
  (anonymous function) (https://s.vnecdn.net/vnexpress/restruct/j/v111/v2/helper/thirdparty/thirdparty.js:1)
  each (https://s.vnecdn.net/vnexpress/restruct/j/v111/v2/helper/jquery.min.js:3)
  loadFromCached (https://s.vnecdn.net/vnexpress/restruct/j/v111/v2/helper/thirdparty/thirdparty.js:1)
  (anonymous function) (https://s.vnecdn.net/vnexpress/restruct/j/v111/v2/helper/thirdparty/thirdparty.js:2)
  l (https://s.vnecdn.net/vnexpress/restruct/j/v111/v2/helper/jquery.min.js:4)
  fireWith (https://s.vnecdn.net/vnexpress/restruct/j/v111/v2/helper/jquery.min.js:4)
  r (https://s.vnecdn.net/vnexpress/restruct/j/v111/v2/helper/jquery.min.js:5)
  n (https://s.vnecdn.net/vnexpress/restruct/j/v111/v2/helper/jquery.min.js:5)
[INFO  - 2017-12-29T04:55:30.400Z] SessionManagerReqHand - _cleanupWindowlessSessions - Asynchronous Sessions clean-up phase starting NOW
[INFO  - 2017-12-29T05:00:30.431Z] SessionManagerReqHand - _cleanupWindowlessSessions - Asynchronous Sessions clean-up phase starting NOW
[INFO  - 2017-12-29T05:05:30.461Z] SessionManagerReqHand - _cleanupWindowlessSessions - Asynchronous Sessions clean-up phase starting NOW
[INFO  - 2017-12-29T05:10:30.461Z] SessionManagerReqHand - _cleanupWindowlessSessions - Asynchronous Sessions clean-up phase starting NOW
ecdn.net/vnexpress/restruct/j/v111/v2/module/home.js:1)
  (anonymous function) (https://s.vnecdn.net/vnexpress/restruct/j/v111/v2/main.js:1)
  execCb (https://s.vnecdn.net/vnexpress/restruct/j/v111/v2/require.js:6)
  check (https://s.vnecdn.net/vnexpress/restruct/j/v111/v2/require.js:6)
  (anonymous function) (https://s.vnecdn.net/vnexpress/restruct/j/v111/v2/require.js:6)
  (anonymous function) (https://s.vnecdn.net/vnexpress/restruct/j/v111/v2/require.js:6)
  (anonymous function) (https://s.vnecdn.net/vnexpress/restruct/j/v111/v2/require.js:6)
  each (https://s.vnecdn.net/vnexpress/restruct/j/v111/v2/require.js:6)
  emit (https://s.vnecdn.net/vnexpress/restruct/j/v111/v2/require.js:6)
  check (https://s.vnecdn.net/vnexpress/restruct/j/v111/v2/require.js:6)
  (anonymous function) (https://s.vnecdn.net/vnexpress/restruct/j/v111/v2/require.js:6)
  (anonymous function) (https://s.vnecdn.net/vnexpress/restruct/j/v111/v2/require.js:6)
  (anonymous function) (https://s.vnecdn.net/vnexpress/restruct/j/v111/v2/require.js:6)
  each (https://s.vnecdn.net/vnexpress/restruct/j/v111/v2/require.js:6)
  emit (https://s.vnecdn.net/vnexpress/restruct/j/v111/v2/require.js:6)
  check (https://s.vnecdn.net/vnexpress/restruct/j/v111/v2/require.js:6)
  enable (https://s.vnecdn.net/vnexpress/restruct/j/v111/v2/require.js:6)
  init (https://s.vnecdn.net/vnexpress/restruct/j/v111/v2/require.js:6)
  h (https://s.vnecdn.net/vnexpress/restruct/j/v111/v2/require.js:6)
  completeLoad (https://s.vnecdn.net/vnexpress/restruct/j/v111/v2/require.js:6)
  onScriptLoad (https://s.vnecdn.net/vnexpress/restruct/j/v111/v2/require.js:6)
[INFO  - 2017-12-29T04:26:21.179Z] SessionManagerReqHand - _cleanupWindowlessSessions - Asynchronous Sessions clean-up phase starting NOW
[INFO  - 2017-12-29T04:31:21.210Z] SessionManagerReqHand - _cleanupWindowlessSessions - Asynchronous Sessions clean-up phase starting NOW
[INFO  - 2017-12-29T04:36:21.210Z] SessionManagerReqHand - _cleanupWindowlessSessions - Asynchronous Sessions clean-up phase starting NOW
[INFO  - 2017-12-29T04:41:21.241Z] SessionManagerReqHand - _cleanupWindowlessSessions - Asynchronous Sessions clean-up phase starting NOW
[INFO  - 2017-12-29T04:46:21.253Z] SessionManagerReqHand - _cleanupWindowlessSessions - Asynchronous Sessions clean-up phase starting NOW
[INFO  - 2017-12-29T04:51:21.273Z] SessionManagerReqHand - _cleanupWindowlessSessions - Asynchronous Sessions clean-up phase starting NOW
[ERROR - 2017-12-29T04:51:26.538Z] Session [b967f960-ec4f-11e7-aec2-c9366f79f5a4] - page.onError - msg: TypeError: undefined is not an object (evaluating 't.ecommerce_product_v2.widget_mobile_home_vne_new.products')
[ERROR - 2017-12-29T04:51:26.538Z] Session [b967f960-ec4f-11e7-aec2-c9366f79f5a4] - page.onError - stack:
  (anonymous function) (https://s.vnecdn.net/vnexpress/restruct/j/v111/v2/helper/thirdparty/thirdparty.js:1)
  each (https://s.vnecdn.net/vnexpress/restruct/j/v111/v2/helper/jquery.min.js:3)
  loadFromCached (https://s.vnecdn.net/vnexpress/restruct/j/v111/v2/helper/thirdparty/thirdparty.js:1)
  (anonymous function) (https://s.vnecdn.net/vnexpress/restruct/j/v111/v2/helper/thirdparty/thirdparty.js:2)
  l (https://s.vnecdn.net/vnexpress/restruct/j/v111/v2/helper/jquery.min.js:4)
  fireWith (https://s.vnecdn.net/vnexpress/restruct/j/v111/v2/helper/jquery.min.js:4)
  r (https://s.vnecdn.net/vnexpress/restruct/j/v111/v2/helper/jquery.min.js:5)
  n (https://s.vnecdn.net/vnexpress/restruct/j/v111/v2/helper/jquery.min.js:5)
[INFO  - 2017-12-29T04:56:21.273Z] SessionManagerReqHand - _cleanupWindowlessSessions - Asynchronous Sessions clean-up phase starting NOW
[INFO  - 2017-12-29T05:01:21.304Z] SessionManagerReqHand - _cleanupWindowlessSessions - Asynchronous Sessions clean-up phase starting NOW
[INFO  - 2017-12-29T05:06:21.335Z] SessionManagerReqHand - _cleanupWindowlessSessions - Asynchronous Sessions clean-up phase starting NOW
[INFO  - 2017-12-29T05:11:21.335Z] SessionManagerReqHand - _cleanupWindowlessSessions - Asynchronous Sessions clean-up phase starting NOW

[INFO  - 2017-12-29T05:06:51.213Z] SessionManagerReqHand - _cleanupWindowlessSessions - Asynchronous Sessions clean-up phase starting NOW
[INFO  - 2017-12-29T05:11:51.246Z] SessionManagerReqHand - _cleanupWindowlessSessions - Asynchronous Sessions clean-up phase starting NOW
 _postNewSessionCommand - New Session Created: 90e64b80-ec50-11e7-ab46-7d101aaa8646
[INFO  - 2017-12-29T04:32:22.729Z] SessionManagerReqHand - _cleanupWindowlessSessions - Asynchronous Sessions clean-up phase starting NOW
[INFO  - 2017-12-29T04:37:22.771Z] SessionManagerReqHand - _cleanupWindowlessSessions - Asynchronous Sessions clean-up phase starting NOW
[INFO  - 2017-12-29T04:42:22.770Z] SessionManagerReqHand - _cleanupWindowlessSessions - Asynchronous Sessions clean-up phase starting NOW
[INFO  - 2017-12-29T04:47:22.804Z] SessionManagerReqHand - _cleanupWindowlessSessions - Asynchronous Sessions clean-up phase starting NOW
[INFO  - 2017-12-29T04:52:22.820Z] SessionManagerReqHand - _cleanupWindowlessSessions - Asynchronous Sessions clean-up phase starting NOW
[INFO  - 2017-12-29T04:57:22.835Z] SessionManagerReqHand - _cleanupWindowlessSessions - Asynchronous Sessions clean-up phase starting NOW
[INFO  - 2017-12-29T05:02:22.835Z] SessionManagerReqHand - _cleanupWindowlessSessions - Asynchronous Sessions clean-up phase starting NOW
[INFO  - 2017-12-29T05:07:22.865Z] SessionManagerReqHand - _cleanupWindowlessSessions - Asynchronous Sessions clean-up phase starting NOW
[INFO  - 2017-12-29T05:12:22.899Z] SessionManagerReqHand - _cleanupWindowlessSessions - Asynchronous Sessions clean-up phase starting NOW
 _postNewSessionCommand - New Session Created: f21969a0-ec50-11e7-ace8-8df7f31c0aaa
[INFO  - 2017-12-29T04:35:05.790Z] SessionManagerReqHand - _cleanupWindowlessSessions - Asynchronous Sessions clean-up phase starting NOW
[INFO  - 2017-12-29T04:40:05.821Z] SessionManagerReqHand - _cleanupWindowlessSessions - Asynchronous Sessions clean-up phase starting NOW
[INFO  - 2017-12-29T04:45:05.821Z] SessionManagerReqHand - _cleanupWindowlessSessions - Asynchronous Sessions clean-up phase starting NOW
[INFO  - 2017-12-29T04:50:05.861Z] SessionManagerReqHand - _cleanupWindowlessSessions - Asynchronous Sessions clean-up phase starting NOW
[INFO  - 2017-12-29T04:55:05.874Z] SessionManagerReqHand - _cleanupWindowlessSessions - Asynchronous Sessions clean-up phase starting NOW
[INFO  - 2017-12-29T05:00:05.892Z] SessionManagerReqHand - _cleanupWindowlessSessions - Asynchronous Sessions clean-up phase starting NOW
[INFO  - 2017-12-29T05:05:05.892Z] SessionManagerReqHand - _cleanupWindowlessSessions - Asynchronous Sessions clean-up phase starting NOW
[INFO  - 2017-12-29T05:10:05.923Z] SessionManagerReqHand - _cleanupWindowlessSessions - Asynchronous Sessions clean-up phase starting NOW
alse,"acceptSslCerts":false,"nativeEvents":true,"proxy":{"proxyType":"direct"}}
[INFO  - 2017-12-29T04:30:21.073Z] SessionManagerReqHand - _postNewSessionCommand - New Session Created: faff8cc0-ec50-11e7-b3fb-bda39ed2f026
[INFO  - 2017-12-29T04:35:20.718Z] SessionManagerReqHand - _cleanupWindowlessSessions - Asynchronous Sessions clean-up phase starting NOW
[INFO  - 2017-12-29T04:40:20.748Z] SessionManagerReqHand - _cleanupWindowlessSessions - Asynchronous Sessions clean-up phase starting NOW
[INFO  - 2017-12-29T04:45:20.748Z] SessionManagerReqHand - _cleanupWindowlessSessions - Asynchronous Sessions clean-up phase starting NOW
[INFO  - 2017-12-29T04:50:20.779Z] SessionManagerReqHand - _cleanupWindowlessSessions - Asynchronous Sessions clean-up phase starting NOW
[INFO  - 2017-12-29T04:55:20.800Z] SessionManagerReqHand - _cleanupWindowlessSessions - Asynchronous Sessions clean-up phase starting NOW
[INFO  - 2017-12-29T05:00:20.823Z] SessionManagerReqHand - _cleanupWindowlessSessions - Asynchronous Sessions clean-up phase starting NOW
[INFO  - 2017-12-29T05:05:20.839Z] SessionManagerReqHand - _cleanupWindowlessSessions - Asynchronous Sessions clean-up phase starting NOW
[INFO  - 2017-12-29T05:10:20.857Z] SessionManagerReqHand - _cleanupWindowlessSessions - Asynchronous Sessions clean-up phase starting NOW
:false,"applicationCacheEnabled":false,"browserConnectionEnabled":false,"cssSelectorsEnabled":true,"webStorageEnabled":false,"rotatable":false,"acceptSslCerts":false,"nativeEvents":true,"proxy":{"proxyType":"direct"}}
[INFO  - 2017-12-29T04:35:29.169Z] SessionManagerReqHand - _postNewSessionCommand - New Session Created: b2a344c0-ec51-11e7-a0ce-7754f84974cb
[INFO  - 2017-12-29T04:40:28.833Z] SessionManagerReqHand - _cleanupWindowlessSessions - Asynchronous Sessions clean-up phase starting NOW
[INFO  - 2017-12-29T04:45:28.864Z] SessionManagerReqHand - _cleanupWindowlessSessions - Asynchronous Sessions clean-up phase starting NOW
[INFO  - 2017-12-29T04:50:28.864Z] SessionManagerReqHand - _cleanupWindowlessSessions - Asynchronous Sessions clean-up phase starting NOW
[INFO  - 2017-12-29T04:55:28.895Z] SessionManagerReqHand - _cleanupWindowlessSessions - Asynchronous Sessions clean-up phase starting NOW
[INFO  - 2017-12-29T05:00:28.901Z] SessionManagerReqHand - _cleanupWindowlessSessions - Asynchronous Sessions clean-up phase starting NOW
[INFO  - 2017-12-29T05:05:28.926Z] SessionManagerReqHand - _cleanupWindowlessSessions - Asynchronous Sessions clean-up phase starting NOW
[INFO  - 2017-12-29T05:10:28.926Z] SessionManagerReqHand - _cleanupWindowlessSessions - Asynchronous Sessions clean-up phase starting NOW
false,"applicationCacheEnabled":false,"browserConnectionEnabled":false,"cssSelectorsEnabled":true,"webStorageEnabled":false,"rotatable":false,"acceptSslCerts":false,"nativeEvents":true,"proxy":{"proxyType":"direct"}}
[INFO  - 2017-12-29T04:37:00.919Z] SessionManagerReqHand - _postNewSessionCommand - New Session Created: e9533520-ec51-11e7-a1e3-b3d914a6bbc3
[ERROR - 2017-12-29T04:37:01.997Z] Session [e9533520-ec51-11e7-a1e3-b3d914a6bbc3] - page.onError - msg: TypeError: null is not an object (near '...d9[25]](WNMatch[2]))[_0xedd9[63]](/\"|\'...')
[ERROR - 2017-12-29T04:37:01.998Z] Session [e9533520-ec51-11e7-a1e3-b3d914a6bbc3] - page.onError - stack:
  (anonymous function) (https://s.vnecdn.net/vnexpress/j/v39/ea2_v8.js:1)
[INFO  - 2017-12-29T04:42:00.582Z] SessionManagerReqHand - _cleanupWindowlessSessions - Asynchronous Sessions clean-up phase starting NOW
[INFO  - 2017-12-29T04:47:00.614Z] SessionManagerReqHand - _cleanupWindowlessSessions - Asynchronous Sessions clean-up phase starting NOW
[INFO  - 2017-12-29T04:52:00.626Z] SessionManagerReqHand - _cleanupWindowlessSessions - Asynchronous Sessions clean-up phase starting NOW
[INFO  - 2017-12-29T04:57:00.657Z] SessionManagerReqHand - _cleanupWindowlessSessions - Asynchronous Sessions clean-up phase starting NOW
[INFO  - 2017-12-29T05:02:00.670Z] SessionManagerReqHand - _cleanupWindowlessSessions - Asynchronous Sessions clean-up phase starting NOW
[INFO  - 2017-12-29T05:07:00.688Z] SessionManagerReqHand - _cleanupWindowlessSessions - Asynchronous Sessions clean-up phase starting NOW
[INFO  - 2017-12-29T05:12:00.703Z] SessionManagerReqHand - _cleanupWindowlessSessions - Asynchronous Sessions clean-up phase starting NOW
:false,"applicationCacheEnabled":false,"browserConnectionEnabled":false,"cssSelectorsEnabled":true,"webStorageEnabled":false,"rotatable":false,"acceptSslCerts":false,"nativeEvents":true,"proxy":{"proxyType":"direct"}}
[INFO  - 2017-12-29T04:37:42.185Z] SessionManagerReqHand - _postNewSessionCommand - New Session Created: 01ebe640-ec52-11e7-a74f-630e6e71f5d0
[INFO  - 2017-12-29T04:42:41.831Z] SessionManagerReqHand - _cleanupWindowlessSessions - Asynchronous Sessions clean-up phase starting NOW
[INFO  - 2017-12-29T04:47:41.862Z] SessionManagerReqHand - _cleanupWindowlessSessions - Asynchronous Sessions clean-up phase starting NOW
[INFO  - 2017-12-29T04:52:41.863Z] SessionManagerReqHand - _cleanupWindowlessSessions - Asynchronous Sessions clean-up phase starting NOW
[INFO  - 2017-12-29T04:57:41.894Z] SessionManagerReqHand - _cleanupWindowlessSessions - Asynchronous Sessions clean-up phase starting NOW
[INFO  - 2017-12-29T05:02:41.899Z] SessionManagerReqHand - _cleanupWindowlessSessions - Asynchronous Sessions clean-up phase starting NOW
[INFO  - 2017-12-29T05:07:41.925Z] SessionManagerReqHand - _cleanupWindowlessSessions - Asynchronous Sessions clean-up phase starting NOW
":"windows-7-32bit","javascriptEnabled":true,"takesScreenshot":true,"handlesAlerts":false,"databaseEnabled":false,"locationContextEnabled":false,"applicationCacheEnabled":false,"browserConnectionEnabled":false,"cssSelectorsEnabled":true,"webStorageEnabled":false,"rotatable":false,"acceptSslCerts":false,"nativeEvents":true,"proxy":{"proxyType":"direct"}}
[INFO  - 2017-12-29T04:38:06.261Z] SessionManagerReqHand - _postNewSessionCommand - New Session Created: 10459b00-ec52-11e7-99a9-4daaae3606e5
[INFO  - 2017-12-29T04:43:05.907Z] SessionManagerReqHand - _cleanupWindowlessSessions - Asynchronous Sessions clean-up phase starting NOW
[INFO  - 2017-12-29T04:48:05.942Z] SessionManagerReqHand - _cleanupWindowlessSessions - Asynchronous Sessions clean-up phase starting NOW
[INFO  - 2017-12-29T04:53:05.942Z] SessionManagerReqHand - _cleanupWindowlessSessions - Asynchronous Sessions clean-up phase starting NOW
[INFO  - 2017-12-29T04:58:05.973Z] SessionManagerReqHand - _cleanupWindowlessSessions - Asynchronous Sessions clean-up phase starting NOW
[INFO  - 2017-12-29T05:03:05.983Z] SessionManagerReqHand - _cleanupWindowlessSessions - Asynchronous Sessions clean-up phase starting NOW
[INFO  - 2017-12-29T05:08:06.007Z] SessionManagerReqHand - _cleanupWindowlessSessions - Asynchronous Sessions clean-up phase starting NOW
:"windows-7-32bit","javascriptEnabled":true,"takesScreenshot":true,"handlesAlerts":false,"databaseEnabled":false,"locationContextEnabled":false,"applicationCacheEnabled":false,"browserConnectionEnabled":false,"cssSelectorsEnabled":true,"webStorageEnabled":false,"rotatable":false,"acceptSslCerts":false,"nativeEvents":true,"proxy":{"proxyType":"direct"}}
[INFO  - 2017-12-29T04:38:23.851Z] SessionManagerReqHand - _postNewSessionCommand - New Session Created: 1ac1a060-ec52-11e7-9b82-3b747695e385
[ERROR - 2017-12-29T04:38:24.642Z] Session [1ac1a060-ec52-11e7-9b82-3b747695e385] - page.onError - msg: TypeError: null is not an object (near '...d9[25]](WNMatch[2]))[_0xedd9[63]](/\"|\'...')
[ERROR - 2017-12-29T04:38:24.642Z] Session [1ac1a060-ec52-11e7-9b82-3b747695e385] - page.onError - stack:
  (anonymous function) (https://s.vnecdn.net/vnexpress/j/v39/ea2_v8.js:1)
[INFO  - 2017-12-29T04:43:23.517Z] SessionManagerReqHand - _cleanupWindowlessSessions - Asynchronous Sessions clean-up phase starting NOW
[INFO  - 2017-12-29T04:48:23.547Z] SessionManagerReqHand - _cleanupWindowlessSessions - Asynchronous Sessions clean-up phase starting NOW
[INFO  - 2017-12-29T04:53:23.547Z] SessionManagerReqHand - _cleanupWindowlessSessions - Asynchronous Sessions clean-up phase starting NOW
[INFO  - 2017-12-29T04:58:23.578Z] SessionManagerReqHand - _cleanupWindowlessSessions - Asynchronous Sessions clean-up phase starting NOW
[INFO  - 2017-12-29T05:03:23.627Z] SessionManagerReqHand - _cleanupWindowlessSessions - Asynchronous Sessions clean-up phase starting NOW
[INFO  - 2017-12-29T05:08:23.652Z] SessionManagerReqHand - _cleanupWindowlessSessions - Asynchronous Sessions clean-up phase starting NOW
:"windows-7-32bit","javascriptEnabled":true,"takesScreenshot":true,"handlesAlerts":false,"databaseEnabled":false,"locationContextEnabled":false,"applicationCacheEnabled":false,"browserConnectionEnabled":false,"cssSelectorsEnabled":true,"webStorageEnabled":false,"rotatable":false,"acceptSslCerts":false,"nativeEvents":true,"proxy":{"proxyType":"direct"}}
[INFO  - 2017-12-29T04:39:11.883Z] SessionManagerReqHand - _postNewSessionCommand - New Session Created: 3762e170-ec52-11e7-98e5-4345f8ff9d8b
[INFO  - 2017-12-29T04:44:11.538Z] SessionManagerReqHand - _cleanupWindowlessSessions - Asynchronous Sessions clean-up phase starting NOW
[INFO  - 2017-12-29T04:49:11.569Z] SessionManagerReqHand - _cleanupWindowlessSessions - Asynchronous Sessions clean-up phase starting NOW
[INFO  - 2017-12-29T04:54:11.569Z] SessionManagerReqHand - _cleanupWindowlessSessions - Asynchronous Sessions clean-up phase starting NOW
[INFO  - 2017-12-29T04:59:11.599Z] SessionManagerReqHand - _cleanupWindowlessSessions - Asynchronous Sessions clean-up phase starting NOW
[INFO  - 2017-12-29T05:04:11.614Z] SessionManagerReqHand - _cleanupWindowlessSessions - Asynchronous Sessions clean-up phase starting NOW
[INFO  - 2017-12-29T05:09:11.630Z] SessionManagerReqHand - _cleanupWindowlessSessions - Asynchronous Sessions clean-up phase starting NOW
:"windows-7-32bit","javascriptEnabled":true,"takesScreenshot":true,"handlesAlerts":false,"databaseEnabled":false,"locationContextEnabled":false,"applicationCacheEnabled":false,"browserConnectionEnabled":false,"cssSelectorsEnabled":true,"webStorageEnabled":false,"rotatable":false,"acceptSslCerts":false,"nativeEvents":true,"proxy":{"proxyType":"direct"}}
[INFO  - 2017-12-29T04:40:01.805Z] SessionManagerReqHand - _postNewSessionCommand - New Session Created: 55243880-ec52-11e7-b3d1-cb9502b6d5cd
[ERROR - 2017-12-29T04:40:02.890Z] Session [55243880-ec52-11e7-b3d1-cb9502b6d5cd] - page.onError - msg: TypeError: null is not an object (near '...d9[25]](WNMatch[2]))[_0xedd9[63]](/\"|\'...')
[ERROR - 2017-12-29T04:40:02.891Z] Session [55243880-ec52-11e7-b3d1-cb9502b6d5cd] - page.onError - stack:
  (anonymous function) (https://s.vnecdn.net/vnexpress/j/v39/ea2_v8.js:1)
[INFO  - 2017-12-29T04:45:01.464Z] SessionManagerReqHand - _cleanupWindowlessSessions - Asynchronous Sessions clean-up phase starting NOW
[INFO  - 2017-12-29T04:50:01.497Z] SessionManagerReqHand - _cleanupWindowlessSessions - Asynchronous Sessions clean-up phase starting NOW
[INFO  - 2017-12-29T04:55:01.497Z] SessionManagerReqHand - _cleanupWindowlessSessions - Asynchronous Sessions clean-up phase starting NOW
[INFO  - 2017-12-29T05:00:01.529Z] SessionManagerReqHand - _cleanupWindowlessSessions - Asynchronous Sessions clean-up phase starting NOW
[INFO  - 2017-12-29T05:05:01.544Z] SessionManagerReqHand - _cleanupWindowlessSessions - Asynchronous Sessions clean-up phase starting NOW
[INFO  - 2017-12-29T05:10:01.561Z] SessionManagerReqHand - _cleanupWindowlessSessions - Asynchronous Sessions clean-up phase starting NOW
":"windows-7-32bit","javascriptEnabled":true,"takesScreenshot":true,"handlesAlerts":false,"databaseEnabled":false,"locationContextEnabled":false,"applicationCacheEnabled":false,"browserConnectionEnabled":false,"cssSelectorsEnabled":true,"webStorageEnabled":false,"rotatable":false,"acceptSslCerts":false,"nativeEvents":true,"proxy":{"proxyType":"direct"}}
[INFO  - 2017-12-29T04:44:34.107Z] SessionManagerReqHand - _postNewSessionCommand - New Session Created: f7723560-ec52-11e7-9d67-ab9299c55da5
[ERROR - 2017-12-29T04:44:35.363Z] Session [f7723560-ec52-11e7-9d67-ab9299c55da5] - page.onError - msg: TypeError: null is not an object (near '...d9[25]](WNMatch[2]))[_0xedd9[63]](/\"|\'...')
[ERROR - 2017-12-29T04:44:35.363Z] Session [f7723560-ec52-11e7-9d67-ab9299c55da5] - page.onError - stack:
  (anonymous function) (https://s.vnecdn.net/vnexpress/j/v39/ea2_v8.js:1)
[INFO  - 2017-12-29T04:49:33.791Z] SessionManagerReqHand - _cleanupWindowlessSessions - Asynchronous Sessions clean-up phase starting NOW
[INFO  - 2017-12-29T04:54:33.823Z] SessionManagerReqHand - _cleanupWindowlessSessions - Asynchronous Sessions clean-up phase starting NOW
[INFO  - 2017-12-29T04:59:33.826Z] SessionManagerReqHand - _cleanupWindowlessSessions - Asynchronous Sessions clean-up phase starting NOW
[INFO  - 2017-12-29T05:04:33.857Z] SessionManagerReqHand - _cleanupWindowlessSessions - Asynchronous Sessions clean-up phase starting NOW
[INFO  - 2017-12-29T05:09:33.873Z] SessionManagerReqHand - _cleanupWindowlessSessions - Asynchronous Sessions clean-up phase starting NOW
Session.negotiatedCapabilities - {"browserName":"phantomjs","version":"2.1.1","driverName":"ghostdriver","driverVersion":"1.2.0","platform":"windows-7-32bit","javascriptEnabled":true,"takesScreenshot":true,"handlesAlerts":false,"databaseEnabled":false,"locationContextEnabled":false,"applicationCacheEnabled":false,"browserConnectionEnabled":false,"cssSelectorsEnabled":true,"webStorageEnabled":false,"rotatable":false,"acceptSslCerts":false,"nativeEvents":true,"proxy":{"proxyType":"direct"}}
[INFO  - 2017-12-29T04:45:31.121Z] SessionManagerReqHand - _postNewSessionCommand - New Session Created: 196ddac0-ec53-11e7-bbae-0b6a98f68e89
[ERROR - 2017-12-29T04:45:32.554Z] Session [196ddac0-ec53-11e7-bbae-0b6a98f68e89] - page.onError - msg: TypeError: null is not an object (near '...d9[25]](WNMatch[2]))[_0xedd9[63]](/\"|\'...')
[ERROR - 2017-12-29T04:45:32.554Z] Session [196ddac0-ec53-11e7-bbae-0b6a98f68e89] - page.onError - stack:
  (anonymous function) (https://s.vnecdn.net/vnexpress/j/v39/ea2_v8.js:1)
[INFO  - 2017-12-29T04:50:30.764Z] SessionManagerReqHand - _cleanupWindowlessSessions - Asynchronous Sessions clean-up phase starting NOW
[INFO  - 2017-12-29T04:55:30.795Z] SessionManagerReqHand - _cleanupWindowlessSessions - Asynchronous Sessions clean-up phase starting NOW
[INFO  - 2017-12-29T05:00:30.796Z] SessionManagerReqHand - _cleanupWindowlessSessions - Asynchronous Sessions clean-up phase starting NOW
[INFO  - 2017-12-29T05:05:30.827Z] SessionManagerReqHand - _cleanupWindowlessSessions - Asynchronous Sessions clean-up phase starting NOW
[INFO  - 2017-12-29T05:10:30.839Z] SessionManagerReqHand - _cleanupWindowlessSessions - Asynchronous Sessions clean-up phase starting NOW
4-11e7-b635-0b03ebba8fbe] - page.customHeaders:  - {}
[INFO  - 2017-12-29T04:53:35.328Z] Session [3a09fab0-ec54-11e7-b635-0b03ebba8fbe] - Session.negotiatedCapabilities - {"browserName":"phantomjs","version":"2.1.1","driverName":"ghostdriver","driverVersion":"1.2.0","platform":"windows-7-32bit","javascriptEnabled":true,"takesScreenshot":true,"handlesAlerts":false,"databaseEnabled":false,"locationContextEnabled":false,"applicationCacheEnabled":false,"browserConnectionEnabled":false,"cssSelectorsEnabled":true,"webStorageEnabled":false,"rotatable":false,"acceptSslCerts":false,"nativeEvents":true,"proxy":{"proxyType":"direct"}}
[INFO  - 2017-12-29T04:53:35.328Z] SessionManagerReqHand - _postNewSessionCommand - New Session Created: 3a09fab0-ec54-11e7-b635-0b03ebba8fbe
[INFO  - 2017-12-29T04:58:34.997Z] SessionManagerReqHand - _cleanupWindowlessSessions - Asynchronous Sessions clean-up phase starting NOW
[INFO  - 2017-12-29T05:03:35.030Z] SessionManagerReqHand - _cleanupWindowlessSessions - Asynchronous Sessions clean-up phase starting NOW
[INFO  - 2017-12-29T05:08:35.030Z] SessionManagerReqHand - _cleanupWindowlessSessions - Asynchronous Sessions clean-up phase starting NOW
8.1 (KHTML, like Gecko) PhantomJS/2.1.1 Safari/538.1","webSecurityEnabled":true}
[INFO  - 2017-12-29T04:54:55.824Z] Session [6a04b1b0-ec54-11e7-8924-d9f0e20f2aaa] - page.customHeaders:  - {}
[INFO  - 2017-12-29T04:54:55.824Z] Session [6a04b1b0-ec54-11e7-8924-d9f0e20f2aaa] - Session.negotiatedCapabilities - {"browserName":"phantomjs","version":"2.1.1","driverName":"ghostdriver","driverVersion":"1.2.0","platform":"windows-7-32bit","javascriptEnabled":true,"takesScreenshot":true,"handlesAlerts":false,"databaseEnabled":false,"locationContextEnabled":false,"applicationCacheEnabled":false,"browserConnectionEnabled":false,"cssSelectorsEnabled":true,"webStorageEnabled":false,"rotatable":false,"acceptSslCerts":false,"nativeEvents":true,"proxy":{"proxyType":"direct"}}
[INFO  - 2017-12-29T04:54:55.824Z] SessionManagerReqHand - _postNewSessionCommand - New Session Created: 6a04b1b0-ec54-11e7-8924-d9f0e20f2aaa
[ERROR - 2017-12-29T04:54:56.631Z] Session [6a04b1b0-ec54-11e7-8924-d9f0e20f2aaa] - page.onError - msg: TypeError: null is not an object (near '...d9[25]](WNMatch[2]))[_0xedd9[63]](/\"|\'...')
[ERROR - 2017-12-29T04:54:56.631Z] Session [6a04b1b0-ec54-11e7-8924-d9f0e20f2aaa] - page.onError - stack:
  (anonymous function) (https://s.vnecdn.net/vnexpress/j/v39/ea2_v8.js:1)
[INFO  - 2017-12-29T04:59:55.457Z] SessionManagerReqHand - _cleanupWindowlessSessions - Asynchronous Sessions clean-up phase starting NOW
[INFO  - 2017-12-29T05:04:55.488Z] SessionManagerReqHand - _cleanupWindowlessSessions - Asynchronous Sessions clean-up phase starting NOW
[INFO  - 2017-12-29T05:09:55.488Z] SessionManagerReqHand - _cleanupWindowlessSessions - Asynchronous Sessions clean-up phase starting NOW
8.1 (KHTML, like Gecko) PhantomJS/2.1.1 Safari/538.1","webSecurityEnabled":true}
[INFO  - 2017-12-29T04:55:29.295Z] Session [7df7f6a0-ec54-11e7-ae23-abc1eefc63c2] - page.customHeaders:  - {}
[INFO  - 2017-12-29T04:55:29.295Z] Session [7df7f6a0-ec54-11e7-ae23-abc1eefc63c2] - Session.negotiatedCapabilities - {"browserName":"phantomjs","version":"2.1.1","driverName":"ghostdriver","driverVersion":"1.2.0","platform":"windows-7-32bit","javascriptEnabled":true,"takesScreenshot":true,"handlesAlerts":false,"databaseEnabled":false,"locationContextEnabled":false,"applicationCacheEnabled":false,"browserConnectionEnabled":false,"cssSelectorsEnabled":true,"webStorageEnabled":false,"rotatable":false,"acceptSslCerts":false,"nativeEvents":true,"proxy":{"proxyType":"direct"}}
[INFO  - 2017-12-29T04:55:29.295Z] SessionManagerReqHand - _postNewSessionCommand - New Session Created: 7df7f6a0-ec54-11e7-ae23-abc1eefc63c2
[INFO  - 2017-12-29T05:00:28.946Z] SessionManagerReqHand - _cleanupWindowlessSessions - Asynchronous Sessions clean-up phase starting NOW
[INFO  - 2017-12-29T05:05:28.977Z] SessionManagerReqHand - _cleanupWindowlessSessions - Asynchronous Sessions clean-up phase starting NOW
[INFO  - 2017-12-29T05:10:28.979Z] SessionManagerReqHand - _cleanupWindowlessSessions - Asynchronous Sessions clean-up phase starting NOW
38.1 (KHTML, like Gecko) PhantomJS/2.1.1 Safari/538.1","webSecurityEnabled":true}
[INFO  - 2017-12-29T05:00:18.402Z] Session [2a4a30d0-ec55-11e7-a477-679bcbf75265] - page.customHeaders:  - {}
[INFO  - 2017-12-29T05:00:18.402Z] Session [2a4a30d0-ec55-11e7-a477-679bcbf75265] - Session.negotiatedCapabilities - {"browserName":"phantomjs","version":"2.1.1","driverName":"ghostdriver","driverVersion":"1.2.0","platform":"windows-7-32bit","javascriptEnabled":true,"takesScreenshot":true,"handlesAlerts":false,"databaseEnabled":false,"locationContextEnabled":false,"applicationCacheEnabled":false,"browserConnectionEnabled":false,"cssSelectorsEnabled":true,"webStorageEnabled":false,"rotatable":false,"acceptSslCerts":false,"nativeEvents":true,"proxy":{"proxyType":"direct"}}
[INFO  - 2017-12-29T05:00:18.402Z] SessionManagerReqHand - _postNewSessionCommand - New Session Created: 2a4a30d0-ec55-11e7-a477-679bcbf75265
[ERROR - 2017-12-29T05:00:19.640Z] Session [2a4a30d0-ec55-11e7-a477-679bcbf75265] - page.onError - msg: TypeError: null is not an object (near '...d9[25]](WNMatch[2]))[_0xedd9[63]](/\"|\'...')
[ERROR - 2017-12-29T05:00:19.640Z] Session [2a4a30d0-ec55-11e7-a477-679bcbf75265] - page.onError - stack:
  (anonymous function) (https://s.vnecdn.net/vnexpress/j/v39/ea2_v8.js:1)
[INFO  - 2017-12-29T05:05:18.066Z] SessionManagerReqHand - _cleanupWindowlessSessions - Asynchronous Sessions clean-up phase starting NOW
[INFO  - 2017-12-29T05:10:18.108Z] SessionManagerReqHand - _cleanupWindowlessSessions - Asynchronous Sessions clean-up phase starting NOW
scriptEnabled":true,"loadImages":true,"localToRemoteUrlAccessEnabled":false,"userAgent":"Mozilla/5.0 (Windows NT 6.1; WOW64) AppleWebKit/538.1 (KHTML, like Gecko) PhantomJS/2.1.1 Safari/538.1","webSecurityEnabled":true}
[INFO  - 2017-12-29T05:01:50.936Z] Session [6171c230-ec55-11e7-90ba-03fb44c9cf19] - page.customHeaders:  - {}
[INFO  - 2017-12-29T05:01:50.936Z] Session [6171c230-ec55-11e7-90ba-03fb44c9cf19] - Session.negotiatedCapabilities - {"browserName":"phantomjs","version":"2.1.1","driverName":"ghostdriver","driverVersion":"1.2.0","platform":"windows-7-32bit","javascriptEnabled":true,"takesScreenshot":true,"handlesAlerts":false,"databaseEnabled":false,"locationContextEnabled":false,"applicationCacheEnabled":false,"browserConnectionEnabled":false,"cssSelectorsEnabled":true,"webStorageEnabled":false,"rotatable":false,"acceptSslCerts":false,"nativeEvents":true,"proxy":{"proxyType":"direct"}}
[INFO  - 2017-12-29T05:01:50.937Z] SessionManagerReqHand - _postNewSessionCommand - New Session Created: 6171c230-ec55-11e7-90ba-03fb44c9cf19
[ERROR - 2017-12-29T05:01:52.539Z] Session [6171c230-ec55-11e7-90ba-03fb44c9cf19] - page.onError - msg: TypeError: null is not an object (near '...d9[25]](WNMatch[2]))[_0xedd9[63]](/\"|\'...')
[ERROR - 2017-12-29T05:01:52.539Z] Session [6171c230-ec55-11e7-90ba-03fb44c9cf19] - page.onError - stack:
  (anonymous function) (https://s.vnecdn.net/vnexpress/j/v39/ea2_v8.js:1)
[INFO  - 2017-12-29T05:06:50.698Z] SessionManagerReqHand - _cleanupWindowlessSessions - Asynchronous Sessions clean-up phase starting NOW
[INFO  - 2017-12-29T05:11:50.731Z] SessionManagerReqHand - _cleanupWindowlessSessions - Asynchronous Sessions clean-up phase starting NOW
scriptEnabled":true,"loadImages":true,"localToRemoteUrlAccessEnabled":false,"userAgent":"Mozilla/5.0 (Windows NT 6.1; WOW64) AppleWebKit/538.1 (KHTML, like Gecko) PhantomJS/2.1.1 Safari/538.1","webSecurityEnabled":true}
[INFO  - 2017-12-29T05:02:21.608Z] Session [73b9ef30-ec55-11e7-bec7-c718268b537b] - page.customHeaders:  - {}
[INFO  - 2017-12-29T05:02:21.608Z] Session [73b9ef30-ec55-11e7-bec7-c718268b537b] - Session.negotiatedCapabilities - {"browserName":"phantomjs","version":"2.1.1","driverName":"ghostdriver","driverVersion":"1.2.0","platform":"windows-7-32bit","javascriptEnabled":true,"takesScreenshot":true,"handlesAlerts":false,"databaseEnabled":false,"locationContextEnabled":false,"applicationCacheEnabled":false,"browserConnectionEnabled":false,"cssSelectorsEnabled":true,"webStorageEnabled":false,"rotatable":false,"acceptSslCerts":false,"nativeEvents":true,"proxy":{"proxyType":"direct"}}
[INFO  - 2017-12-29T05:02:21.608Z] SessionManagerReqHand - _postNewSessionCommand - New Session Created: 73b9ef30-ec55-11e7-bec7-c718268b537b
[ERROR - 2017-12-29T05:02:22.957Z] Session [73b9ef30-ec55-11e7-bec7-c718268b537b] - page.onError - msg: TypeError: null is not an object (near '...d9[25]](WNMatch[2]))[_0xedd9[63]](/\"|\'...')
[ERROR - 2017-12-29T05:02:22.957Z] Session [73b9ef30-ec55-11e7-bec7-c718268b537b] - page.onError - stack:
  (anonymous function) (https://s.vnecdn.net/vnexpress/j/v39/ea2_v8.js:1)
[INFO  - 2017-12-29T05:07:21.305Z] SessionManagerReqHand - _cleanupWindowlessSessions - Asynchronous Sessions clean-up phase starting NOW
